[INFO:2025-04-14 18:42:58,175] Write arguments to /home/pabloati/courses/courses-SQANTI_verse/results/basic_sqanti3/course.qc_params.txt...
[INFO:2025-04-14 18:42:58,175] Initialising QC pipeline.
[INFO:2025-04-14 18:42:58,176] Parsing provided files
[INFO:2025-04-14 18:42:58,176] Reading genome fasta data/chr22_hg38.fasta
[INFO:2025-04-14 18:42:58,309] **** Correcting sequences
[INFO:2025-04-14 18:42:58,309] Correcting fasta
[INFO:2025-04-14 18:42:58,309] Skipping aligning of sequences because GTF file was provided.
[INFO:2025-04-14 18:42:58,331] Indels will be not calculated since you ran SQANTI3 without alignment step (SQANTI3 with gtf format as transcriptome input).
[INFO:2025-04-14 18:42:58,622] **** Predicting ORF sequences...
[INFO:2025-04-14 18:42:58,623] Running ORF prediction on /home/pabloati/courses/courses-SQANTI_verse/results/basic_sqanti3/course_corrected.fasta
[INFO:2025-04-14 18:43:00,963] **** Parsing Reference Transcriptome....
[INFO:2025-04-14 18:43:01,188] **** Parsing Isoforms.
[INFO:2025-04-14 18:43:01,248] No short-reads or coverage provided. Skipping short-read coverage calculation.
[INFO:2025-04-14 18:43:01,248] TSS ratio will not be calculated since SR information was not provided
[INFO:2025-04-14 18:43:01,248] **** Performing Classification of Isoforms
[INFO:2025-04-14 18:43:05,310] Number of classified isoforms: 3925
[INFO:2025-04-14 18:43:05,315] After classify fsm: 3925
[INFO:2025-04-14 18:43:05,315] Full-length read abundance files not provided.
[INFO:2025-04-14 18:43:05,315] RT-switching computation
[INFO:2025-04-14 18:43:05,463] After RTS classificaion: 3925
[INFO:2025-04-14 18:43:05,463] Isoforms expression files not provided.
[INFO:2025-04-14 18:43:05,531] Writing output files
[INFO:2025-04-14 18:43:05,968] **** Generating SQANTI3 report.
[INFO:2025-04-14 18:43:16,088] Removing temporary files.
[INFO:2025-04-14 18:43:16,089] SQANTI3 complete in 17.913164113000676 sec.
