INFO:
1/202                                              
2/202 [setup]                                      
3/202                                              
4/202 [unnamed-chunk-1]                            
5/202                                              
6/202 [unnamed-chunk-2]                            
7/202                                              
8/202 [unnamed-chunk-3]                            
9/202                                              
10/202 [p0]                                         
11/202                                              
12/202 [p7]                                         
13/202                                              
14/202 [p.classByLen.a]                             
15/202                                              
16/202 [p.classByLen.b]                             
17/202                                              
18/202 [p.length.all]                               
19/202                                              
20/202 [p.length.cat]                               
21/202                                              
22/202 [p.length.exon]                              
23/202                                              
24/202 [unnamed-chunk-4]                            
25/202                                              
26/202 [unnamed-chunk-5]                            
27/202                                              
28/202 [p6]                                         
29/202                                              
30/202 [unnamed-chunk-6]                            
31/202                                              
32/202 [p10]                                        
33/202                                              
34/202 [p11]                                        
35/202                                              
36/202 [p1]                                         
37/202                                              
38/202 [p1.s.list]                                  
39/202                                              
40/202 [p4]                                         
41/202                                              
42/202 [p4.s1_p4.s2_p4.s3]                          
43/202                                              
44/202 [p5]                                         
45/202                                              
46/202 [p5.s1_p5.s2_p5.s3]                          
47/202                                              
48/202 [unnamed-chunk-7]                            
49/202                                              
50/202 [unnamed-chunk-8]                            
51/202                                              
52/202 [unnamed-chunk-9]                            
53/202                                              
54/202 [unnamed-chunk-10]                           
55/202                                              
56/202 [unnamed-chunk-11]                           
57/202                                              
58/202 [unnamed-chunk-12]                           
59/202                                              
60/202 [unnamed-chunk-13]                           
61/202                                              
62/202 [unnamed-chunk-14]                           
63/202                                              
64/202 [unnamed-chunk-15]                           
65/202                                              
66/202 [unnamed-chunk-16]                           
67/202                                              
68/202 [p23.a_p23.b_p29.a_p29.b]                    
69/202                                              
70/202 [p23.a_p23.b]                                
71/202                                              
72/202 [p29.a_p29.b]                                
73/202                                              
74/202 [unnamed-chunk-17]                           
75/202                                              
76/202 [p21.a_p21.b_p21.dist3.ISM.a_p21.dist3.ISM.b]
77/202 [p21.a_p21.b]                                
78/202                                              
79/202 [p21.a]                                      
80/202                                              
81/202 [p21.b]                                      
82/202                                              
83/202 [p21.dist3.ISM.a_p21.dist3.ISM.b]            
84/202                                              
85/202 [p21.dist3.ISM.a]                            
86/202 [p21.dist3.ISM.b]                            
87/202                                              
88/202 [p22.a_p22.b_p22.dist3.ISM.a_p22.dist3.ISM.b]
89/202                                              
90/202 [p22.a_p22.b]                                
91/202                                              
92/202 [p22.a]                                      
93/202                                              
94/202 [p22.b]                                      
95/202                                              
96/202 [p22.dist3.ISM.a_p22.dist3.ISM.b]            
97/202                                              
98/202 [p22.dist3.ISM.a]                            
99/202 [p22.dist3.ISM.b]                            
100/202                                              
101/202 [unnamed-chunk-18]                           
102/202                                              
103/202 [unnamed-chunk-19]                           
104/202                                              
105/202 [unnamed-chunk-20]                           
106/202                                              
107/202 [p21.ISM.list]                               
108/202                                              
109/202 [unnamed-chunk-21]                           
110/202                                              
111/202 [p22.FSM.list]                               
112/202                                              
113/202 [p22.ISM.list]                               
114/202                                              
115/202 [unnamed-chunk-22]                           
116/202                                              
117/202 [unnamed-chunk-23]                           
118/202                                              
119/202 [unnamed-chunk-24]                           
120/202                                              
121/202 [unnamed-chunk-25]                           
122/202                                              
123/202 [unnamed-chunk-26]                           
124/202                                              
125/202 [unnamed-chunk-27]                           
126/202                                              
127/202 [unnamed-chunk-28]                           
128/202                                              
129/202 [unnamed-chunk-29]                           
130/202                                              
131/202 [unnamed-chunk-30]                           
132/202                                              
133/202 [unnamed-chunk-31]                           
134/202                                              
135/202 [unnamed-chunk-32]                           
136/202                                              
137/202 [unnamed-chunk-33]                           
138/202                                              
139/202 [unnamed-chunk-34]                           
140/202                                              
141/202 [unnamed-chunk-35]                           
142/202                                              
143/202 [unnamed-chunk-36]                           
144/202                                              
145/202 [unnamed-chunk-37]                           
146/202                                              
147/202 [unnamed-chunk-38]                           
148/202                                              
149/202 [unnamed-chunk-39]                           
150/202                                              
151/202 [unnamed-chunk-40]                           
152/202                                              
153/202 [unnamed-chunk-41]                           
154/202                                              
155/202 [unnamed-chunk-42]                           
156/202                                              
157/202 [unnamed-chunk-43]                           
158/202                                              
159/202 [unnamed-chunk-44]                           
160/202                                              
161/202 [unnamed-chunk-45]                           
162/202                                              
163/202 [unnamed-chunk-46]                           
164/202                                              
165/202 [unnamed-chunk-47]                           
166/202                                              
167/202 [unnamed-chunk-48]                           
168/202                                              
169/202 [unnamed-chunk-49]                           
170/202                                              
171/202 [p30]                                        
172/202                                              
173/202 [p31]                                        
174/202                                              
175/202 [p32]                                        
176/202                                              
177/202 [saturation]                                 
178/202                                              
179/202 [unnamed-chunk-50]                           
180/202                                              
181/202 [unnamed-chunk-51]                           
182/202                                              
183/202 [unnamed-chunk-52]                           
184/202                                              
185/202 [unnamed-chunk-53]                           
186/202                                              
187/202 [unnamed-chunk-54]                           
188/202                                              
189/202 [unnamed-chunk-55]                           
190/202                                              
191/202 [unnamed-chunk-56]                           
192/202                                              
193/202 [unnamed-chunk-57]                           
194/202                                              
195/202 [unnamed-chunk-58]                           
196/202                                              
197/202 [unnamed-chunk-59]                           
198/202                                              
199/202 [unnamed-chunk-60]                           
200/202                                              
201/202 [unnamed-chunk-61]                           
202/202                                              
/home/pabloati/miniforge3/envs/sqanti3/bin/pandoc +RTS -K512m -RTS /home/pabloati/Documents/oscars/course/courses-SQANTI_verse/results/complete_sqanti3/SQANTI3_report.knit.md --to html4 --from markdown+autolink_bare_uris+tex_math_single_backslash --output /home/pabloati/Documents/oscars/course/courses-SQANTI_verse/results/complete_sqanti3/course_SQANTI3_report.html --lua-filter /home/pabloati/miniforge3/envs/sqanti3/lib/R/library/rmarkdown/rmarkdown/lua/pagebreak.lua --lua-filter /home/pabloati/miniforge3/envs/sqanti3/lib/R/library/rmarkdown/rmarkdown/lua/latex-div.lua --lua-filter /home/pabloati/miniforge3/envs/sqanti3/lib/R/library/rmarkdown/rmarkdown/lua/table-classes.lua --embed-resources --standalone --variable bs3=TRUE --section-divs --table-of-contents --toc-depth 3 --variable toc_float=1 --variable toc_selectors=h1,h2,h3 --variable toc_collapsed=1 --variable toc_smooth_scroll=1 --variable toc_print=1 --template /home/pabloati/miniforge3/envs/sqanti3/lib/R/library/rmarkdown/rmd/h/default.html --no-highlight --variable highlightjs=1 --variable theme=bootstrap --css style.css --mathjax --variable 'mathjax-url=https://mathjax.rstudio.com/latest/MathJax.js?config=TeX-AMS-MML_HTMLorMML' --include-in-header /tmp/RtmpRTnMV4/rmarkdown-str118216e3be5c3.html 

